<?xml version="1.0" encoding="UTF-8"?>
<testsuite name="TeamModificationTests" tests="1" skipped="0" failures="0" errors="0" timestamp="2020-01-11T22:05:43" hostname="DESKTOP-U7V5MJ9" time="11.537">
  <properties/>
  <testcase name="modificationTeamName" classname="TeamModificationTests" time="11.537"/>
  <system-out><![CDATA[]]></system-out>
  <system-err><![CDATA[]]></system-err>
</testsuite>
