<?xml version="1.0" encoding="UTF-8"?>
<testsuite name="TeamDeletionTests" tests="1" skipped="0" failures="0" errors="0" timestamp="2020-01-11T22:05:54" hostname="DESKTOP-U7V5MJ9" time="15.695">
  <properties/>
  <testcase name="deletionBoardTests" classname="TeamDeletionTests" time="15.695"/>
  <system-out><![CDATA[]]></system-out>
  <system-err><![CDATA[]]></system-err>
</testsuite>
