<?xml version="1.0" encoding="UTF-8"?>
<testsuite name="com.telran.trello.tests.LoginTestHW" tests="2" skipped="0" failures="0" errors="0" timestamp="2020-02-01T19:41:06" hostname="DESKTOP-U7V5MJ9" time="77.724">
  <properties/>
  <testcase name="testLogin" classname="com.telran.trello.tests.LoginTestHW" time="44.338"/>
  <testcase name="testLoginAgain" classname="com.telran.trello.tests.LoginTestHW" time="31.321"/>
  <system-out><![CDATA[21:40:51.642 [Test worker] INFO  com.telran.trello.tests.TestBase - Start test testLogin with parameters[]
21:41:51.056 [Test worker] INFO  com.telran.trello.utils.Listener - testLogin PASSED
21:41:51.058 [Test worker] INFO  com.telran.trello.tests.TestBase - Stop test public void com.telran.trello.tests.LoginTestHW.testLogin() throws java.lang.InterruptedException
21:41:51.060 [Test worker] INFO  com.telran.trello.tests.TestBase - Start test testLoginAgain with parameters[]
21:42:24.440 [Test worker] INFO  com.telran.trello.utils.Listener - testLoginAgain PASSED
21:42:24.444 [Test worker] INFO  com.telran.trello.tests.TestBase - Stop test public void com.telran.trello.tests.LoginTestHW.testLoginAgain() throws java.lang.InterruptedException
]]></system-out>
  <system-err><![CDATA[]]></system-err>
</testsuite>
