<?xml version="1.0" encoding="UTF-8"?>
<testsuite name="com.telran.trello.tests.LoginTestHW" tests="2" skipped="0" failures="0" errors="0" timestamp="2020-02-03T21:26:43" hostname="DESKTOP-U7V5MJ9" time="64.305">
  <properties/>
  <testcase name="testLogin" classname="com.telran.trello.tests.LoginTestHW" time="32.37"/>
  <testcase name="testLoginAgain" classname="com.telran.trello.tests.LoginTestHW" time="30.438"/>
  <system-out><![CDATA[23:26:41.113 [Test worker] INFO  com.telran.trello.tests.TestBase - Start test testLogin with parameters[]
23:27:15.422 [Test worker] INFO  com.telran.trello.utils.Listener - testLogin PASSED
23:27:15.423 [Test worker] INFO  com.telran.trello.tests.TestBase - Stop test public void com.telran.trello.tests.LoginTestHW.testLogin() throws java.lang.InterruptedException
23:27:15.424 [Test worker] INFO  com.telran.trello.tests.TestBase - Start test testLoginAgain with parameters[]
23:27:47.357 [Test worker] INFO  com.telran.trello.utils.Listener - testLoginAgain PASSED
23:27:47.358 [Test worker] INFO  com.telran.trello.tests.TestBase - Stop test public void com.telran.trello.tests.LoginTestHW.testLoginAgain() throws java.lang.InterruptedException
]]></system-out>
  <system-err><![CDATA[]]></system-err>
</testsuite>
