<?xml version="1.0" encoding="UTF-8"?>
<testsuite name="com.telran.trello.tests.TeamDeletionTests" tests="1" skipped="0" failures="0" errors="0" timestamp="2020-02-03T21:30:31" hostname="DESKTOP-U7V5MJ9" time="2.057">
  <properties/>
  <testcase name="deletionBoardTests" classname="com.telran.trello.tests.TeamDeletionTests" time="2.057"/>
  <system-out><![CDATA[23:30:31.328 [Test worker] INFO  com.telran.trello.tests.TestBase - Start test deletionBoardTests with parameters[]
23:30:33.402 [Test worker] INFO  com.telran.trello.utils.Listener - deletionBoardTests PASSED
23:30:33.403 [Test worker] INFO  com.telran.trello.tests.TestBase - Stop test public void com.telran.trello.tests.TeamDeletionTests.deletionBoardTests()
]]></system-out>
  <system-err><![CDATA[]]></system-err>
</testsuite>
