<?xml version="1.0" encoding="UTF-8"?>
<testsuite name="com.telran.trello.tests.ChangeUserAvatarTest" tests="1" skipped="0" failures="0" errors="0" timestamp="2020-02-03T21:25:29" hostname="DESKTOP-U7V5MJ9" time="50.328">
  <properties/>
  <testcase name="testChangeAvatar" classname="com.telran.trello.tests.ChangeUserAvatarTest" time="50.328"/>
  <system-out><![CDATA[23:25:29.355 [Test worker] INFO  com.telran.trello.tests.TestBase - Start test testChangeAvatar with parameters[]
23:25:29.373 [Test worker] INFO  com.telran.trello.tests.TestBase - avatar before:
23:25:29.722 [Test worker] INFO  c.t.trello.fw.ApplicationManager - 
Created screenshot: C:\Users\romic\Documents\GitHub\Trello_qa22-roman\src\test\screenshots\screen-1580765129721.png
23:26:19.327 [Test worker] INFO  com.telran.trello.tests.TestBase - avatar after:
23:26:19.700 [Test worker] INFO  c.t.trello.fw.ApplicationManager - 
Created screenshot: C:\Users\romic\Documents\GitHub\Trello_qa22-roman\src\test\screenshots\screen-1580765179698.png
23:26:19.701 [Test worker] INFO  com.telran.trello.utils.Listener - testChangeAvatar PASSED
23:26:19.702 [Test worker] INFO  com.telran.trello.tests.TestBase - Stop test public void com.telran.trello.tests.ChangeUserAvatarTest.testChangeAvatar() throws java.lang.InterruptedException
]]></system-out>
  <system-err><![CDATA[]]></system-err>
</testsuite>
