<?xml version="1.0" encoding="UTF-8"?>
<testsuite name="com.telran.trello.tests.TeamModificationTests" tests="1" skipped="0" failures="0" errors="0" timestamp="2020-02-03T21:30:33" hostname="DESKTOP-U7V5MJ9" time="11.483">
  <properties/>
  <testcase name="modificationTeamName" classname="com.telran.trello.tests.TeamModificationTests" time="11.483"/>
  <system-out><![CDATA[23:30:33.405 [Test worker] INFO  com.telran.trello.tests.TestBase - Start test modificationTeamName with parameters[]
23:30:44.910 [Test worker] INFO  com.telran.trello.utils.Listener - modificationTeamName PASSED
23:30:44.911 [Test worker] INFO  com.telran.trello.tests.TestBase - Stop test public void com.telran.trello.tests.TeamModificationTests.modificationTeamName() throws java.lang.InterruptedException
]]></system-out>
  <system-err><![CDATA[]]></system-err>
</testsuite>
