<?xml version="1.0" encoding="UTF-8"?>
<testsuite name="com.telran.trello.tests.BoardCreationTests" tests="6" skipped="0" failures="0" errors="0" timestamp="2020-02-03T21:19:41" hostname="DESKTOP-U7V5MJ9" time="94.924">
  <properties/>
  <testcase name="testBoardCreationFromHeader" classname="com.telran.trello.tests.BoardCreationTests" time="15.974"/>
  <testcase name="testBoardCreationFromHeaderFromCSV[0](BoardData boardName='1'})" classname="com.telran.trello.tests.BoardCreationTests" time="15.653"/>
  <testcase name="testBoardCreationFromHeaderFromCSV[1](BoardData boardName='a'})" classname="com.telran.trello.tests.BoardCreationTests" time="15.573"/>
  <testcase name="testBoardCreationFromHeaderFromCSV[2](BoardData boardName='clnsjbbw4kmkfqh_kmjvi'})" classname="com.telran.trello.tests.BoardCreationTests" time="15.77"/>
  <testcase name="testBoardCreationFromHeaderFromCSV[3](BoardData boardName='&quot;gRKevt0sLwuxJn6sHBitYHUO2ikmH D8F9weec'})" classname="com.telran.trello.tests.BoardCreationTests" time="16.184"/>
  <testcase name="testBoardCreationFromHomePage" classname="com.telran.trello.tests.BoardCreationTests" time="15.654"/>
  <system-out><![CDATA[23:18:54.859 [Test worker] INFO  com.telran.trello.tests.TestBase - Start test testBoardCreationFromHeader with parameters[]
23:19:57.372 [Test worker] INFO  com.telran.trello.utils.Listener - testBoardCreationFromHeader PASSED
23:19:57.373 [Test worker] INFO  com.telran.trello.tests.TestBase - Stop test public void com.telran.trello.tests.BoardCreationTests.testBoardCreationFromHeader() throws java.lang.InterruptedException
23:19:57.388 [Test worker] INFO  com.telran.trello.tests.TestBase - Start test testBoardCreationFromHeaderFromCSV with parameters[BoardData boardName='1'}]
23:20:13.057 [Test worker] INFO  com.telran.trello.utils.Listener - testBoardCreationFromHeaderFromCSV PASSED
23:20:13.058 [Test worker] INFO  com.telran.trello.tests.TestBase - Stop test public void com.telran.trello.tests.BoardCreationTests.testBoardCreationFromHeaderFromCSV(com.telran.trello.model.BoardData) throws java.lang.InterruptedException
23:20:13.059 [Test worker] INFO  com.telran.trello.tests.TestBase - Start test testBoardCreationFromHeaderFromCSV with parameters[BoardData boardName='a'}]
23:20:28.644 [Test worker] INFO  com.telran.trello.utils.Listener - testBoardCreationFromHeaderFromCSV PASSED
23:20:28.646 [Test worker] INFO  com.telran.trello.tests.TestBase - Stop test public void com.telran.trello.tests.BoardCreationTests.testBoardCreationFromHeaderFromCSV(com.telran.trello.model.BoardData) throws java.lang.InterruptedException
23:20:28.648 [Test worker] INFO  com.telran.trello.tests.TestBase - Start test testBoardCreationFromHeaderFromCSV with parameters[BoardData boardName='clnsjbbw4kmkfqh_kmjvi'}]
23:20:44.434 [Test worker] INFO  com.telran.trello.utils.Listener - testBoardCreationFromHeaderFromCSV PASSED
23:20:44.436 [Test worker] INFO  com.telran.trello.tests.TestBase - Stop test public void com.telran.trello.tests.BoardCreationTests.testBoardCreationFromHeaderFromCSV(com.telran.trello.model.BoardData) throws java.lang.InterruptedException
23:20:44.437 [Test worker] INFO  com.telran.trello.tests.TestBase - Start test testBoardCreationFromHeaderFromCSV with parameters[BoardData boardName='"gRKevt0sLwuxJn6sHBitYHUO2ikmH D8F9weec'}]
23:21:00.638 [Test worker] INFO  com.telran.trello.utils.Listener - testBoardCreationFromHeaderFromCSV PASSED
23:21:00.641 [Test worker] INFO  com.telran.trello.tests.TestBase - Stop test public void com.telran.trello.tests.BoardCreationTests.testBoardCreationFromHeaderFromCSV(com.telran.trello.model.BoardData) throws java.lang.InterruptedException
23:21:00.644 [Test worker] INFO  com.telran.trello.tests.TestBase - Start test testBoardCreationFromHomePage with parameters[]
23:21:16.320 [Test worker] INFO  com.telran.trello.utils.Listener - testBoardCreationFromHomePage PASSED
23:21:16.322 [Test worker] INFO  com.telran.trello.tests.TestBase - Stop test public void com.telran.trello.tests.BoardCreationTests.testBoardCreationFromHomePage() throws java.lang.InterruptedException
]]></system-out>
  <system-err><![CDATA[]]></system-err>
</testsuite>
