<?xml version="1.0" encoding="UTF-8"?>
<testsuite name="com.telran.trello.tests.DeletionUserAvatarTest" tests="1" skipped="0" failures="0" errors="0" timestamp="2020-02-03T21:26:19" hostname="DESKTOP-U7V5MJ9" time="21.394">
  <properties/>
  <testcase name="testDeletionAvatar" classname="com.telran.trello.tests.DeletionUserAvatarTest" time="21.394"/>
  <system-out><![CDATA[23:26:19.703 [Test worker] INFO  com.telran.trello.tests.TestBase - Start test testDeletionAvatar with parameters[]
23:26:19.717 [Test worker] INFO  com.telran.trello.tests.TestBase - avatar before:
23:26:20.026 [Test worker] INFO  c.t.trello.fw.ApplicationManager - 
Created screenshot: C:\Users\romic\Documents\GitHub\Trello_qa22-roman\src\test\screenshots\screen-1580765180023.png
23:26:40.742 [Test worker] INFO  com.telran.trello.tests.TestBase - avatar after:
23:26:41.110 [Test worker] INFO  c.t.trello.fw.ApplicationManager - 
Created screenshot: C:\Users\romic\Documents\GitHub\Trello_qa22-roman\src\test\screenshots\screen-1580765201108.png
23:26:41.111 [Test worker] INFO  com.telran.trello.utils.Listener - testDeletionAvatar PASSED
23:26:41.112 [Test worker] INFO  com.telran.trello.tests.TestBase - Stop test public void com.telran.trello.tests.DeletionUserAvatarTest.testDeletionAvatar() throws java.lang.InterruptedException
]]></system-out>
  <system-err><![CDATA[]]></system-err>
</testsuite>
