<?xml version="1.0" encoding="UTF-8"?>
<testsuite name="com.telran.trello.tests.ChangeUserAvatarTest" tests="1" skipped="1" failures="0" errors="0" timestamp="2020-02-01T17:59:07" hostname="DESKTOP-U7V5MJ9" time="30.875">
  <properties/>
  <testcase name="testHeaderImage" classname="com.telran.trello.tests.ChangeUserAvatarTest" time="30.875">
    <skipped/>
  </testcase>
  <system-out><![CDATA[19:58:21.714 [Test worker] INFO  com.telran.trello.tests.TestBase - Start test testHeaderImage with parameters[]
19:59:07.374 [Test worker] INFO  com.telran.trello.tests.TestBase - avatar before:
19:59:10.685 [Test worker] INFO  c.t.trello.fw.ApplicationManager - 
Created screenshot: C:\Users\romic\Documents\GitHub\Trello_qa22-roman\src\test\screenshots\screen-1580579950677.png
19:59:38.165 [Test worker] INFO  com.telran.trello.tests.TestBase - avatar after:
19:59:38.217 [Test worker] ERROR com.telran.trello.utils.Listener - testHeaderImage
 FAILED
org.openqa.selenium.NoSuchWindowException: no such window: target window already closed
from unknown error: web view not found
  (Session info: chrome=79.0.3945.130)
Build info: version: '3.141.59', revision: 'e82be7d358', time: '2018-11-14T08:17:03'
System info: host: 'DESKTOP-U7V5MJ9', ip: '192.168.1.2', os.name: 'Windows 10', os.arch: 'amd64', os.version: '10.0', java.version: '1.8.0_231'
Driver info: org.openqa.selenium.chrome.ChromeDriver
Capabilities {acceptInsecureCerts: false, browserName: chrome, browserVersion: 79.0.3945.130, chrome: {chromedriverVersion: 79.0.3945.36 (3582db32b3389..., userDataDir: C:\Users\romic\AppData\Loca...}, goog:chromeOptions: {debuggerAddress: localhost:63892}, javascriptEnabled: true, networkConnectionEnabled: false, pageLoadStrategy: normal, platform: WINDOWS, platformName: WINDOWS, proxy: Proxy(), setWindowRect: true, strictFileInteractability: false, timeouts: {implicit: 0, pageLoad: 300000, script: 30000}, unhandledPromptBehavior: dismiss and notify}
Session ID: 265f6bb87238c29f01adbbb0e6778556
19:59:38.228 [Test worker] ERROR com.telran.trello.utils.Listener - testHeaderImage
 FAILED
org.openqa.selenium.NoSuchWindowException: no such window: target window already closed
from unknown error: web view not found
  (Session info: chrome=79.0.3945.130)
Build info: version: '3.141.59', revision: 'e82be7d358', time: '2018-11-14T08:17:03'
System info: host: 'DESKTOP-U7V5MJ9', ip: '192.168.1.2', os.name: 'Windows 10', os.arch: 'amd64', os.version: '10.0', java.version: '1.8.0_231'
Driver info: org.openqa.selenium.chrome.ChromeDriver
Capabilities {acceptInsecureCerts: false, browserName: chrome, browserVersion: 79.0.3945.130, chrome: {chromedriverVersion: 79.0.3945.36 (3582db32b3389..., userDataDir: C:\Users\romic\AppData\Loca...}, goog:chromeOptions: {debuggerAddress: localhost:63892}, javascriptEnabled: true, networkConnectionEnabled: false, pageLoadStrategy: normal, platform: WINDOWS, platformName: WINDOWS, proxy: Proxy(), setWindowRect: true, strictFileInteractability: false, timeouts: {implicit: 0, pageLoad: 300000, script: 30000}, unhandledPromptBehavior: dismiss and notify}
Session ID: 265f6bb87238c29f01adbbb0e6778556
]]></system-out>
  <system-err><![CDATA[]]></system-err>
</testsuite>
